<?xml version="1.0" encoding="utf-8"?><testsuites name="pytest tests"><testsuite name="pytest" errors="0" failures="2" skipped="0" tests="44" time="9.181" timestamp="2025-12-13T00:30:09.028537-05:00" hostname="LAPTOP-M1FI1RHV"><testcase classname="tests.test_evolution_runtime.TestEvolutionRuntime" name="test_engine_initialization_runtime" time="0.002" /><testcase classname="tests.test_evolution_runtime.TestEvolutionRuntime" name="test_population_initialization_runtime" time="0.061" /><testcase classname="tests.test_evolution_runtime.TestEvolutionRuntime" name="test_tournament_selection_runtime" time="0.008" /><testcase classname="tests.test_evolution_runtime.TestEvolutionRuntime" name="test_crossover_operator_runtime" time="0.002" /><testcase classname="tests.test_evolution_runtime.TestEvolutionRuntime" name="test_mutation_operator_runtime" time="0.002" /><testcase classname="tests.test_evolution_runtime.TestEvolutionRuntime" name="test_evolution_cycle_runtime" time="0.053" /><testcase classname="tests.test_evolution_runtime.TestEvolutionRuntime" name="test_elitism_runtime" time="0.018" /><testcase classname="tests.test_evolution_runtime.TestEvolutionRuntime" name="test_elite_preservation_hpc_mode" time="0.019" /><testcase classname="tests.test_evolution_runtime.TestEvolutionRuntime" name="test_population_diversity_tracking" time="0.007" /><testcase classname="tests.test_evolution_runtime.TestEvolutionRuntime" name="test_generation_progression" time="0.028" /><testcase classname="tests.test_evolution_runtime.TestEvolutionRuntime" name="test_next_generation_creation" time="0.012" /><testcase classname="tests.test_evolution_runtime.TestEvolutionRuntime" name="test_convergence_behavior" time="0.182" /><testcase classname="tests.test_evolution_runtime.TestEvolutionRuntime" name="test_large_population_runtime" time="0.185" /><testcase classname="tests.test_evolution_runtime.TestEvolutionRuntime" name="test_crossover_rate_effect" time="0.018" /><testcase classname="tests.test_performance.TestPerformance" name="test_genome_creation_performance" time="1.171" /><testcase classname="tests.test_performance.TestPerformance" name="test_trait_access_performance" time="0.200" /><testcase classname="tests.test_performance.TestPerformance" name="test_crossover_performance" time="0.433" /><testcase classname="tests.test_performance.TestPerformance" name="test_lnn_processing_performance" time="0.033" /><testcase classname="tests.test_performance.TestPerformance" name="test_mutation_performance" time="0.599" /><testcase classname="tests.test_performance.TestPerformance" name="test_serialization_performance" time="0.117" /><testcase classname="tests.test_performance.TestPerformance" name="test_deserialization_performance" time="0.428" /><testcase classname="tests.test_performance.TestPerformance" name="test_population_initialization_performance" time="0.402" /><testcase classname="tests.test_performance.TestPerformance" name="test_concurrent_agent_creation" time="0.029" /><testcase classname="tests.test_performance.TestPerformance" name="test_memory_usage_genome" time="0.004" /><testcase classname="tests.test_performance.TestPerformance" name="test_scalability_large_population" time="0.038" /><testcase classname="tests.test_performance.TestPerformance" name="test_scalability_long_sequence" time="0.037" /><testcase classname="tests.test_performance.TestPerformance" name="test_throughput_many_crossovers" time="0.960" /><testcase classname="tests.test_performance.TestPerformance" name="test_throughput_many_lnn_operations" time="0.040" /><testcase classname="tests.test_performance.TestPerformance" name="test_fitness_evaluation_performance" time="0.879" /><testcase classname="tests.test_performance.TestPerformance" name="test_agent_chat_performance" time="0.007" /><testcase classname="tests.test_performance.TestPerformance" name="test_trait_mutation_performance" time="0.487" /><testcase classname="tests.test_performance.TestPerformance" name="test_genome_comparison_performance" time="0.693" /><testcase classname="tests.unit.test_kraken_determinism.TestKrakenDeterminism" name="test_lsm_deterministic_outputs_same_seed" time="0.021"><failure message="AssertionError: Std devs too different: 0.0032038824331876883 vs 0.005668311763186373&#10;assert np.float64(0.002464429329998685) &lt; (np.float64(0.0032038824331876883) * 0.3)&#10; +  where np.float64(0.002464429329998685) = abs((np.float64(0.0032038824331876883) - np.float64(0.005668311763186373)))">E   AssertionError: Std devs too different: 0.0032038824331876883 vs 0.005668311763186373
    assert np.float64(0.002464429329998685) &lt; (np.float64(0.0032038824331876883) * 0.3)
     +  where np.float64(0.002464429329998685) = abs((np.float64(0.0032038824331876883) - np.float64(0.005668311763186373)))</failure></testcase><testcase classname="tests.unit.test_kraken_determinism.TestKrakenDeterminism" name="test_lsm_deterministic_outputs_different_seed" time="0.001" /><testcase classname="tests.unit.test_kraken_determinism.TestKrakenDeterminism" name="test_kraken_lnn_deterministic_processing" time="0.011"><failure message="AssertionError: &#10;Arrays are not equal&#10;&#10;Mismatched elements: 20 / 20 (100%)&#10;Max absolute difference among violations: 0.00903393&#10;Max relative difference among violations: 2.38144885&#10; ACTUAL: array([0.005628, 0.008968, 0.009089, 0.017699, 0.009176, 0.011785,&#10;       0.012259, 0.017395, 0.009019, 0.012187, 0.005597, 0.009308,&#10;       0.012154, 0.004432, 0.006392, 0.002881, 0.01742 , 0.015114,&#10;       0.017872, 0.017148])&#10; DESIRED: array([ 0.011097,  0.010394,  0.012455,  0.014042,  0.011024,  0.006208,&#10;        0.008503,  0.009117,  0.006295,  0.008976,  0.012897,  0.016489,&#10;        0.007049,  0.003878,  0.010006, -0.002085,  0.008386,  0.011342,&#10;        0.011904,  0.010965])">E   AssertionError: 
    Arrays are not equal
    
    Mismatched elements: 20 / 20 (100%)
    Max absolute difference among violations: 0.00903393
    Max relative difference among violations: 2.38144885
     ACTUAL: array([0.005628, 0.008968, 0.009089, 0.017699, 0.009176, 0.011785,
           0.012259, 0.017395, 0.009019, 0.012187, 0.005597, 0.009308,
           0.012154, 0.004432, 0.006392, 0.002881, 0.01742 , 0.015114,
           0.017872, 0.017148])
     DESIRED: array([ 0.011097,  0.010394,  0.012455,  0.014042,  0.011024,  0.006208,
            0.008503,  0.009117,  0.006295,  0.008976,  0.012897,  0.016489,
            0.007049,  0.003878,  0.010006, -0.002085,  0.008386,  0.011342,
            0.011904,  0.010965])</failure></testcase><testcase classname="tests.unit.test_kraken_determinism.TestKrakenDeterminism" name="test_kraken_lnn_deterministic_memory" time="0.008" /><testcase classname="tests.unit.test_kraken_determinism.TestKrakenDeterminism" name="test_lsm_reproducibility_across_initializations" time="0.001" /><testcase classname="tests.unit.test_kraken_determinism.TestKrakenDeterminism" name="test_reservoir_state_deterministic_evolution" time="0.001" /><testcase classname="tests.unit.test_kraken_determinism.TestKrakenDeterminism" name="test_deterministic_sequence_chunking" time="0.007" /><testcase classname="tests.unit.test_kraken_determinism.TestKrakenDeterminism" name="test_adaptive_weights_deterministic_updates" time="0.001" /><testcase classname="tests.unit.test_kraken_determinism.TestKrakenDeterminism" name="test_liquid_dynamics_deterministic_behavior" time="0.007" /><testcase classname="tests.unit.test_kraken_determinism.TestKrakenDeterminism" name="test_deterministic_memory_consolidation" time="0.084" /><testcase classname="tests.unit.test_kraken_determinism.TestKrakenDeterminism" name="test_weight_initialization_determinism" time="0.001" /><testcase classname="tests.unit.test_kraken_determinism.TestKrakenDeterminism" name="test_noise_generation_determinism" time="0.001" /></testsuite></testsuites>